<?xml version="1.0" encoding="UTF-8"?>
<testsuite name="edu.austral.aseca.app.BuyStockTests" tests="8" skipped="0" failures="0" errors="0" timestamp="2021-05-24T23:25:59" hostname="rubacava" time="0.176">
  <properties/>
  <testcase name="test000_WhenBuyStockAndUserHasJustEnoughFundsShouldReturnReceipt()" classname="edu.austral.aseca.app.BuyStockTests" time="0.123"/>
  <testcase name="test000_WhenBuyStockAndUserHasFundsShouldReturnReceipt()" classname="edu.austral.aseca.app.BuyStockTests" time="0.006"/>
  <testcase name="test000_WhenBuyStockAndUserHasNoFundsShouldReturnEmptyOptional()" classname="edu.austral.aseca.app.BuyStockTests" time="0.006"/>
  <testcase name="test000_WhenBuyStockAndEverythingOkShouldReturnReceiptWithAllTheInformation()" classname="edu.austral.aseca.app.BuyStockTests" time="0.009"/>
  <testcase name="test000_WhenBuyStockAndUserHasJustEnoughFundsMinus1ShouldReturnEmptyReceipt()" classname="edu.austral.aseca.app.BuyStockTests" time="0.005"/>
  <testcase name="test000_WhenBuyStockAndUserHasJustEnoughFundsPlus1ShouldReturnReceipt()" classname="edu.austral.aseca.app.BuyStockTests" time="0.004"/>
  <testcase name="contextLoads()" classname="edu.austral.aseca.app.BuyStockTests" time="0.005"/>
  <testcase name="test000_WhenCreateUserShouldHaveFunds()" classname="edu.austral.aseca.app.BuyStockTests" time="0.007"/>
  <system-out><![CDATA[20:25:54.641 [Test worker] DEBUG org.springframework.test.context.BootstrapUtils - Instantiating CacheAwareContextLoaderDelegate from class [org.springframework.test.context.cache.DefaultCacheAwareContextLoaderDelegate]
20:25:54.661 [Test worker] DEBUG org.springframework.test.context.BootstrapUtils - Instantiating BootstrapContext using constructor [public org.springframework.test.context.support.DefaultBootstrapContext(java.lang.Class,org.springframework.test.context.CacheAwareContextLoaderDelegate)]
20:25:54.709 [Test worker] DEBUG org.springframework.test.context.BootstrapUtils - Instantiating TestContextBootstrapper for test class [edu.austral.aseca.app.BuyStockTests] from class [org.springframework.boot.test.context.SpringBootTestContextBootstrapper]
20:25:54.724 [Test worker] INFO org.springframework.boot.test.context.SpringBootTestContextBootstrapper - Neither @ContextConfiguration nor @ContextHierarchy found for test class [edu.austral.aseca.app.BuyStockTests], using SpringBootContextLoader
20:25:54.728 [Test worker] DEBUG org.springframework.test.context.support.AbstractContextLoader - Did not detect default resource location for test class [edu.austral.aseca.app.BuyStockTests]: class path resource [edu/austral/aseca/app/BuyStockTests-context.xml] does not exist
20:25:54.730 [Test worker] DEBUG org.springframework.test.context.support.AbstractContextLoader - Did not detect default resource location for test class [edu.austral.aseca.app.BuyStockTests]: class path resource [edu/austral/aseca/app/BuyStockTestsContext.groovy] does not exist
20:25:54.730 [Test worker] INFO org.springframework.test.context.support.AbstractContextLoader - Could not detect default resource locations for test class [edu.austral.aseca.app.BuyStockTests]: no resource found for suffixes {-context.xml, Context.groovy}.
20:25:54.731 [Test worker] INFO org.springframework.test.context.support.AnnotationConfigContextLoaderUtils - Could not detect default configuration classes for test class [edu.austral.aseca.app.BuyStockTests]: BuyStockTests does not declare any static, non-private, non-final, nested classes annotated with @Configuration.
20:25:54.792 [Test worker] DEBUG org.springframework.test.context.support.ActiveProfilesUtils - Could not find an 'annotation declaring class' for annotation type [org.springframework.test.context.ActiveProfiles] and class [edu.austral.aseca.app.BuyStockTests]
20:25:54.907 [Test worker] DEBUG org.springframework.context.annotation.ClassPathScanningCandidateComponentProvider - Identified candidate component class: file [/home/pedro/projects/aseca/build/classes/java/main/edu/austral/aseca/app/AppApplication.class]
20:25:54.908 [Test worker] INFO org.springframework.boot.test.context.SpringBootTestContextBootstrapper - Found @SpringBootConfiguration edu.austral.aseca.app.AppApplication for test class edu.austral.aseca.app.BuyStockTests
20:25:55.030 [Test worker] DEBUG org.springframework.boot.test.context.SpringBootTestContextBootstrapper - @TestExecutionListeners is not present for class [edu.austral.aseca.app.BuyStockTests]: using defaults.
20:25:55.031 [Test worker] INFO org.springframework.boot.test.context.SpringBootTestContextBootstrapper - Loaded default TestExecutionListener class names from location [META-INF/spring.factories]: [org.springframework.boot.test.autoconfigure.restdocs.RestDocsTestExecutionListener, org.springframework.boot.test.autoconfigure.web.client.MockRestServiceServerResetTestExecutionListener, org.springframework.boot.test.autoconfigure.web.servlet.MockMvcPrintOnlyOnFailureTestExecutionListener, org.springframework.boot.test.autoconfigure.web.servlet.WebDriverTestExecutionListener, org.springframework.boot.test.autoconfigure.webservices.client.MockWebServiceServerTestExecutionListener, org.springframework.boot.test.mock.mockito.MockitoTestExecutionListener, org.springframework.boot.test.mock.mockito.ResetMocksTestExecutionListener, org.springframework.test.context.web.ServletTestExecutionListener, org.springframework.test.context.support.DirtiesContextBeforeModesTestExecutionListener, org.springframework.test.context.event.ApplicationEventsTestExecutionListener, org.springframework.test.context.support.DependencyInjectionTestExecutionListener, org.springframework.test.context.support.DirtiesContextTestExecutionListener, org.springframework.test.context.transaction.TransactionalTestExecutionListener, org.springframework.test.context.jdbc.SqlScriptsTestExecutionListener, org.springframework.test.context.event.EventPublishingTestExecutionListener]
20:25:55.056 [Test worker] INFO org.springframework.boot.test.context.SpringBootTestContextBootstrapper - Using TestExecutionListeners: [org.springframework.test.context.web.ServletTestExecutionListener@583d5d17, org.springframework.test.context.support.DirtiesContextBeforeModesTestExecutionListener@54cf3f54, org.springframework.test.context.event.ApplicationEventsTestExecutionListener@36a28738, org.springframework.boot.test.mock.mockito.MockitoTestExecutionListener@1785e5c7, org.springframework.boot.test.autoconfigure.SpringBootDependencyInjectionTestExecutionListener@2562c7c5, org.springframework.test.context.support.DirtiesContextTestExecutionListener@87a79a2, org.springframework.test.context.transaction.TransactionalTestExecutionListener@2a43b4d2, org.springframework.test.context.jdbc.SqlScriptsTestExecutionListener@1250c780, org.springframework.test.context.event.EventPublishingTestExecutionListener@21bf66e0, org.springframework.boot.test.autoconfigure.restdocs.RestDocsTestExecutionListener@7a53bc1c, org.springframework.boot.test.autoconfigure.web.client.MockRestServiceServerResetTestExecutionListener@4d8172a0, org.springframework.boot.test.autoconfigure.web.servlet.MockMvcPrintOnlyOnFailureTestExecutionListener@59f9d057, org.springframework.boot.test.autoconfigure.web.servlet.WebDriverTestExecutionListener@3ab35ee, org.springframework.boot.test.autoconfigure.webservices.client.MockWebServiceServerTestExecutionListener@64ffcadb, org.springframework.boot.test.mock.mockito.ResetMocksTestExecutionListener@22ada096]
20:25:55.063 [Test worker] DEBUG org.springframework.test.context.support.AbstractDirtiesContextTestExecutionListener - Before test class: context [DefaultTestContext@23ec73c8 testClass = BuyStockTests, testInstance = [null], testMethod = [null], testException = [null], mergedContextConfiguration = [WebMergedContextConfiguration@411e79e7 testClass = BuyStockTests, locations = '{}', classes = '{class edu.austral.aseca.app.AppApplication}', contextInitializerClasses = '[]', activeProfiles = '{}', propertySourceLocations = '{}', propertySourceProperties = '{org.springframework.boot.test.context.SpringBootTestContextBootstrapper=true}', contextCustomizers = set[org.springframework.boot.test.autoconfigure.actuate.metrics.MetricsExportContextCustomizerFactory$DisableMetricExportContextCustomizer@6b1e753a, org.springframework.boot.test.autoconfigure.properties.PropertyMappingContextCustomizer@0, org.springframework.boot.test.autoconfigure.web.servlet.WebDriverContextCustomizerFactory$Customizer@449c82b3, org.springframework.boot.test.context.filter.ExcludeFilterContextCustomizer@64220199, org.springframework.boot.test.json.DuplicateJsonObjectContextCustomizerFactory$DuplicateJsonObjectContextCustomizer@3ad3b9d6, org.springframework.boot.test.mock.mockito.MockitoContextCustomizer@0, org.springframework.boot.test.web.client.TestRestTemplateContextCustomizer@21e0d1a1, org.springframework.boot.test.context.SpringBootTestArgs@1, org.springframework.boot.test.context.SpringBootTestWebEnvironment@d05aa0b], resourceBasePath = 'src/main/webapp', contextLoader = 'org.springframework.boot.test.context.SpringBootContextLoader', parent = [null]], attributes = map['org.springframework.test.context.web.ServletTestExecutionListener.activateListener' -> true]], class annotated with @DirtiesContext [false] with mode [null].
20:25:55.112 [Test worker] DEBUG org.springframework.test.context.support.TestPropertySourceUtils - Adding inlined properties to environment: {spring.jmx.enabled=false, org.springframework.boot.test.context.SpringBootTestContextBootstrapper=true}

  .   ____          _            __ _ _
 /\\ / ___'_ __ _ _(_)_ __  __ _ \ \ \ \
( ( )\___ | '_ | '_| | '_ \/ _` | \ \ \ \
 \\/  ___)| |_)| | | | | || (_| |  ) ) ) )
  '  |____| .__|_| |_|_| |_\__, | / / / /
 =========|_|==============|___/=/_/_/_/
 :: Spring Boot ::                (v2.4.5)

2021-05-24 20:25:55.576  INFO 20167 --- [    Test worker] edu.austral.aseca.app.BuyStockTests      : Starting BuyStockTests using Java 11.0.11 on rubacava with PID 20167 (started by pedro in /home/pedro/projects/aseca)
2021-05-24 20:25:55.581  INFO 20167 --- [    Test worker] edu.austral.aseca.app.BuyStockTests      : No active profile set, falling back to default profiles: default
2021-05-24 20:25:56.633  INFO 20167 --- [    Test worker] .s.d.r.c.RepositoryConfigurationDelegate : Bootstrapping Spring Data JPA repositories in DEFAULT mode.
2021-05-24 20:25:56.657  INFO 20167 --- [    Test worker] .s.d.r.c.RepositoryConfigurationDelegate : Finished Spring Data repository scanning in 10 ms. Found 0 JPA repository interfaces.
2021-05-24 20:25:57.478  INFO 20167 --- [    Test worker] o.hibernate.jpa.internal.util.LogHelper  : HHH000204: Processing PersistenceUnitInfo [name: default]
2021-05-24 20:25:57.539  INFO 20167 --- [    Test worker] org.hibernate.Version                    : HHH000412: Hibernate ORM core version 5.4.30.Final
2021-05-24 20:25:57.726  INFO 20167 --- [    Test worker] o.hibernate.annotations.common.Version   : HCANN000001: Hibernate Commons Annotations {5.1.2.Final}
2021-05-24 20:25:57.854  INFO 20167 --- [    Test worker] com.zaxxer.hikari.HikariDataSource       : HikariPool-1 - Starting...
2021-05-24 20:25:57.985  INFO 20167 --- [    Test worker] com.zaxxer.hikari.HikariDataSource       : HikariPool-1 - Start completed.
2021-05-24 20:25:58.006  INFO 20167 --- [    Test worker] org.hibernate.dialect.Dialect            : HHH000400: Using dialect: org.hibernate.dialect.PostgreSQLDialect
2021-05-24 20:25:58.755  INFO 20167 --- [    Test worker] o.h.e.t.j.p.i.JtaPlatformInitiator       : HHH000490: Using JtaPlatform implementation: [org.hibernate.engine.transaction.jta.platform.internal.NoJtaPlatform]
2021-05-24 20:25:58.766  INFO 20167 --- [    Test worker] j.LocalContainerEntityManagerFactoryBean : Initialized JPA EntityManagerFactory for persistence unit 'default'
2021-05-24 20:25:59.079  WARN 20167 --- [    Test worker] JpaBaseConfiguration$JpaWebConfiguration : spring.jpa.open-in-view is enabled by default. Therefore, database queries may be performed during view rendering. Explicitly configure spring.jpa.open-in-view to disable this warning
2021-05-24 20:25:59.393  INFO 20167 --- [    Test worker] o.s.s.concurrent.ThreadPoolTaskExecutor  : Initializing ExecutorService 'applicationTaskExecutor'
2021-05-24 20:25:59.869  INFO 20167 --- [    Test worker] edu.austral.aseca.app.BuyStockTests      : Started BuyStockTests in 4.746 seconds (JVM running for 6.275)
]]></system-out>
  <system-err><![CDATA[]]></system-err>
</testsuite>
